[debug] [2021-06-15T11:18:12.831Z] ----------------------------------------------------------------------
[debug] [2021-06-15T11:18:12.837Z] Command:       C:\Program Files\nodejs\node.exe C:\Users\KALP\AppData\Roaming\npm\node_modules\firebase-tools\lib\bin\firebase.js deploy
[debug] [2021-06-15T11:18:12.838Z] CLI Version:   9.12.1
[debug] [2021-06-15T11:18:12.838Z] Platform:      win32
[debug] [2021-06-15T11:18:12.839Z] Node Version:  v14.17.0
[debug] [2021-06-15T11:18:12.842Z] Time:          Tue Jun 15 2021 16:48:12 GMT+0530 (India Standard Time)
[debug] [2021-06-15T11:18:12.842Z] ----------------------------------------------------------------------
[debug] 
[debug] [2021-06-15T11:18:12.875Z] > command requires scopes: ["email","openid","https://www.googleapis.com/auth/cloudplatformprojects.readonly","https://www.googleapis.com/auth/firebase","https://www.googleapis.com/auth/cloud-platform"]
[debug] [2021-06-15T11:18:12.876Z] > authorizing via signed-in user (kalp2002prajapati@gmail.com)
[debug] [2021-06-15T11:18:12.876Z] [iam] checking project tinder-7027c for permissions ["firebase.projects.get","firebasehosting.sites.update"]
[debug] [2021-06-15T11:18:12.883Z] >>> HTTP REQUEST POST https://cloudresourcemanager.googleapis.com/v1/projects/tinder-7027c:testIamPermissions  
 {"permissions":["firebase.projects.get","firebasehosting.sites.update"]}
[debug] [2021-06-15T11:18:14.407Z] <<< HTTP RESPONSE 200 {"content-type":"application/json; charset=UTF-8","vary":"X-Origin, Referer, Origin,Accept-Encoding","date":"Tue, 15 Jun 2021 11:18:15 GMT","server":"ESF","cache-control":"private","x-xss-protection":"0","x-frame-options":"SAMEORIGIN","x-content-type-options":"nosniff","server-timing":"gfet4t7; dur=1324","alt-svc":"h3=\":443\"; ma=2592000,h3-29=\":443\"; ma=2592000,h3-T051=\":443\"; ma=2592000,h3-Q050=\":443\"; ma=2592000,h3-Q046=\":443\"; ma=2592000,h3-Q043=\":443\"; ma=2592000,quic=\":443\"; ma=2592000; v=\"46,43\"","accept-ranges":"none","transfer-encoding":"chunked"}
[debug] [2021-06-15T11:18:14.413Z] > refreshing access token with scopes: []
[debug] [2021-06-15T11:18:14.414Z] >>> HTTP REQUEST POST https://www.googleapis.com/oauth2/v3/token  
 <request body omitted>
[debug] [2021-06-15T11:18:14.705Z] <<< HTTP RESPONSE 200 {"cache-control":"no-cache, no-store, max-age=0, must-revalidate","expires":"Mon, 01 Jan 1990 00:00:00 GMT","pragma":"no-cache","date":"Tue, 15 Jun 2021 11:18:15 GMT","content-type":"application/json; charset=utf-8","vary":"X-Origin, Referer, Origin,Accept-Encoding","server":"scaffolding on HTTPServer2","x-xss-protection":"0","x-frame-options":"SAMEORIGIN","x-content-type-options":"nosniff","alt-svc":"h3=\":443\"; ma=2592000,h3-29=\":443\"; ma=2592000,h3-T051=\":443\"; ma=2592000,h3-Q050=\":443\"; ma=2592000,h3-Q046=\":443\"; ma=2592000,h3-Q043=\":443\"; ma=2592000,quic=\":443\"; ma=2592000; v=\"46,43\"","accept-ranges":"none","transfer-encoding":"chunked"}
[debug] [2021-06-15T11:18:14.742Z] >>> [apiv2][query] GET https://firebase.googleapis.com/v1beta1/projects/tinder-7027c [none]
[debug] [2021-06-15T11:18:15.192Z] <<< [apiv2][status] GET https://firebase.googleapis.com/v1beta1/projects/tinder-7027c 200
[debug] [2021-06-15T11:18:15.193Z] <<< [apiv2][body] GET https://firebase.googleapis.com/v1beta1/projects/tinder-7027c {"projectId":"tinder-7027c","projectNumber":"269689725421","displayName":"tinder","name":"projects/tinder-7027c","resources":{"hostingSite":"tinder-7027c"},"state":"ACTIVE"}
[info] 
[info] === Deploying to 'tinder-7027c'...
[info] 
[info] i  deploying hosting 
[debug] [2021-06-15T11:18:15.207Z] > refreshing access token with scopes: ["email","https://www.googleapis.com/auth/cloud-platform","https://www.googleapis.com/auth/cloudplatformprojects.readonly","https://www.googleapis.com/auth/firebase","openid"]
[debug] [2021-06-15T11:18:15.207Z] >>> HTTP REQUEST POST https://www.googleapis.com/oauth2/v3/token  
 <request body omitted>
[debug] [2021-06-15T11:18:15.446Z] <<< HTTP RESPONSE 200 {"date":"Tue, 15 Jun 2021 11:18:16 GMT","pragma":"no-cache","cache-control":"no-cache, no-store, max-age=0, must-revalidate","expires":"Mon, 01 Jan 1990 00:00:00 GMT","content-type":"application/json; charset=utf-8","vary":"X-Origin, Referer, Origin,Accept-Encoding","server":"scaffolding on HTTPServer2","x-xss-protection":"0","x-frame-options":"SAMEORIGIN","x-content-type-options":"nosniff","alt-svc":"h3=\":443\"; ma=2592000,h3-29=\":443\"; ma=2592000,h3-T051=\":443\"; ma=2592000,h3-Q050=\":443\"; ma=2592000,h3-Q046=\":443\"; ma=2592000,h3-Q043=\":443\"; ma=2592000,quic=\":443\"; ma=2592000; v=\"46,43\"","accept-ranges":"none","transfer-encoding":"chunked"}
[debug] [2021-06-15T11:18:15.488Z] >>> HTTP REQUEST POST https://firebasehosting.googleapis.com/v1beta1/sites/tinder-7027c/versions  
 {"config":{"rewrites":[{"glob":"**","path":"/index.html"}]},"labels":{"deployment-tool":"cli-firebase"}}
[debug] [2021-06-15T11:18:17.347Z] <<< HTTP RESPONSE 200 {"content-type":"application/json; charset=UTF-8","vary":"X-Origin, Referer, Origin,Accept-Encoding","date":"Tue, 15 Jun 2021 11:18:18 GMT","server":"ESF","cache-control":"private","x-xss-protection":"0","x-frame-options":"SAMEORIGIN","x-content-type-options":"nosniff","alt-svc":"h3=\":443\"; ma=2592000,h3-29=\":443\"; ma=2592000,h3-T051=\":443\"; ma=2592000,h3-Q050=\":443\"; ma=2592000,h3-Q046=\":443\"; ma=2592000,h3-Q043=\":443\"; ma=2592000,quic=\":443\"; ma=2592000; v=\"46,43\"","accept-ranges":"none","transfer-encoding":"chunked"}
[info] i  hosting[tinder-7027c]: beginning deploy... 
[info] i  hosting[tinder-7027c]: found 18 files in build 
[debug] [2021-06-15T11:18:17.405Z] > refreshing access token with scopes: []
[debug] [2021-06-15T11:18:17.405Z] >>> HTTP REQUEST POST https://www.googleapis.com/oauth2/v3/token  
 <request body omitted>
[debug] [2021-06-15T11:18:17.414Z] [hosting] hash cache [YnVpbGQ] stored for 18 files
[debug] [2021-06-15T11:18:17.415Z] [hosting][hash queue][FINAL] {"max":8,"min":1,"avg":1,"active":0,"complete":18,"success":18,"errored":0,"retried":0,"total":18,"elapsed":21}
[debug] [2021-06-15T11:18:17.650Z] <<< HTTP RESPONSE 200 {"expires":"Mon, 01 Jan 1990 00:00:00 GMT","cache-control":"no-cache, no-store, max-age=0, must-revalidate","pragma":"no-cache","date":"Tue, 15 Jun 2021 11:18:18 GMT","content-type":"application/json; charset=utf-8","vary":"X-Origin, Referer, Origin,Accept-Encoding","server":"scaffolding on HTTPServer2","x-xss-protection":"0","x-frame-options":"SAMEORIGIN","x-content-type-options":"nosniff","alt-svc":"h3=\":443\"; ma=2592000,h3-29=\":443\"; ma=2592000,h3-T051=\":443\"; ma=2592000,h3-Q050=\":443\"; ma=2592000,h3-Q046=\":443\"; ma=2592000,h3-Q043=\":443\"; ma=2592000,quic=\":443\"; ma=2592000; v=\"46,43\"","accept-ranges":"none","transfer-encoding":"chunked"}
[debug] [2021-06-15T11:18:17.682Z] >>> [apiv2][query] POST https://firebasehosting.googleapis.com/v1beta1/sites/tinder-7027c/versions/8c2bdaf87995665a:populateFiles [none]
[debug] [2021-06-15T11:18:17.683Z] >>> [apiv2][body] POST https://firebasehosting.googleapis.com/v1beta1/sites/tinder-7027c/versions/8c2bdaf87995665a:populateFiles {"files":{"/asset-manifest.json":"85fe59ee4aaabf3253a6eab8243f84dab08b48aadc3be1f0b2a78a196d6519f7","/favicon.ico":"eae62e993eb980ec8a25058c39d5a51feab118bd2100c4deebb2a9c158ec11f9","/index.html":"22250622ce07647628b152b39e08220c36d2fb95fb03999b404565775f29ed13","/logo192.png":"3ee59515172ee198f3be375979df15ac5345183e656720a381b8872b2a39dc8b","/logo512.png":"ee7e2f3fdb8209c4b6fd7bef6ba50d1b9dba30a25bb5c3126df057e1cb6f5331","/manifest.json":"aff3449bdc238776f5d6d967f19ec491b36aed5fb7f23ccff6500736fd58494a","/robots.txt":"bfe106a3fb878dc83461c86818bf74fc1bdc7f28538ba613cd3e775516ce8b49","/static/css/main.0ddf9a2f.chunk.css":"d7451a652941a4ecd770e79c50ffc3dfb352aeee44c955f866e8a52d57e66d78","/static/css/main.0ddf9a2f.chunk.css.map":"ae51f1d49770e3b1c75a5568816fb3220793d9ca97a5dc2631868d410caeff9f","/static/js/2.0d4ce874.chunk.js":"b4df28e2bc523cbaf68a2ba36ccfba2978be88aca89cd308ff984c557e68f8a5","/static/js/2.0d4ce874.chunk.js.LICENSE.txt":"b15a15acfd643366904fefddcda88549b9b1c9250ec72c82f1d2bf4a88d68f1f","/static/js/2.0d4ce874.chunk.js.map":"8a4773ac898f7f5f6b5400948420cb004013e620c57fe584a1c087fa5425c7d3","/static/js/3.c9d2f9b7.chunk.js":"62aba00f4f4df43625a8c0a6d352c54ea352c4150971e675934c8efa0276371e","/static/js/3.c9d2f9b7.chunk.js.map":"c4432e4b2d9274f2079567f795c3a1c5147cd989db1a4f09132524df5738fb87","/static/js/main.e7e52ce2.chunk.js":"3c35f5df14eb44d68d5807473a3bad3596ab30b2ad04ae9936084e6ac66a1df7","/static/js/main.e7e52ce2.chunk.js.map":"83df6db6e91e1b9172a29de49367de1cb01489672955e89aa7681c8002b0f0e4","/static/js/runtime-main.1bda976d.js":"5b0c0a767cb01086fe147a11aff7d04838da870bc2471f752ab6fecb4f97bf2b","/static/js/runtime-main.1bda976d.js.map":"16f5995cbab4589429a366e74bb704a4dc17ffdfa19938246f1ff11c6ac74a28"}}
[debug] [2021-06-15T11:18:19.381Z] <<< [apiv2][status] POST https://firebasehosting.googleapis.com/v1beta1/sites/tinder-7027c/versions/8c2bdaf87995665a:populateFiles 200
[debug] [2021-06-15T11:18:19.382Z] <<< [apiv2][body] POST https://firebasehosting.googleapis.com/v1beta1/sites/tinder-7027c/versions/8c2bdaf87995665a:populateFiles {"uploadUrl":"https://upload-firebasehosting.googleapis.com/upload/sites/tinder-7027c/versions/8c2bdaf87995665a/files"}
[debug] [2021-06-15T11:18:19.382Z] [hosting][populate queue][FINAL] {"max":1978,"min":1978,"avg":1978,"active":0,"complete":1,"success":1,"errored":0,"retried":0,"total":1,"elapsed":1978}
[debug] [2021-06-15T11:18:19.383Z] [hosting] uploads queued: 0
[debug] [2021-06-15T11:18:19.384Z] [hosting][upload queue][FINAL] {"max":0,"min":9999999999,"avg":0,"active":0,"complete":0,"success":0,"errored":0,"retried":0,"total":0,"elapsed":1623755899383}
[info] +  hosting[tinder-7027c]: file upload complete 
[debug] [2021-06-15T11:18:19.386Z] [hosting] deploy completed after 2035ms
[debug] [2021-06-15T11:18:19.396Z] [
  {
    "config": {
      "public": "build",
      "ignore": [
        "firebase.json",
        "**/.*",
        "**/node_modules/**"
      ],
      "rewrites": [
        {
          "source": "**",
          "destination": "/index.html"
        }
      ],
      "site": "tinder-7027c"
    },
    "site": "tinder-7027c",
    "version": "sites/tinder-7027c/versions/8c2bdaf87995665a"
  }
]
[info] i  hosting[tinder-7027c]: finalizing version... 
[debug] [2021-06-15T11:18:19.399Z] > refreshing access token with scopes: ["email","https://www.googleapis.com/auth/cloud-platform","https://www.googleapis.com/auth/cloudplatformprojects.readonly","https://www.googleapis.com/auth/firebase","openid"]
[debug] [2021-06-15T11:18:19.399Z] >>> HTTP REQUEST POST https://www.googleapis.com/oauth2/v3/token  
 <request body omitted>
[debug] [2021-06-15T11:18:19.641Z] <<< HTTP RESPONSE 200 {"pragma":"no-cache","expires":"Mon, 01 Jan 1990 00:00:00 GMT","date":"Tue, 15 Jun 2021 11:18:20 GMT","cache-control":"no-cache, no-store, max-age=0, must-revalidate","content-type":"application/json; charset=utf-8","vary":"X-Origin, Referer, Origin,Accept-Encoding","server":"scaffolding on HTTPServer2","x-xss-protection":"0","x-frame-options":"SAMEORIGIN","x-content-type-options":"nosniff","alt-svc":"h3=\":443\"; ma=2592000,h3-29=\":443\"; ma=2592000,h3-T051=\":443\"; ma=2592000,h3-Q050=\":443\"; ma=2592000,h3-Q046=\":443\"; ma=2592000,h3-Q043=\":443\"; ma=2592000,quic=\":443\"; ma=2592000; v=\"46,43\"","accept-ranges":"none","transfer-encoding":"chunked"}
[debug] [2021-06-15T11:18:19.678Z] >>> HTTP REQUEST PATCH https://firebasehosting.googleapis.com/v1beta1/sites/tinder-7027c/versions/8c2bdaf87995665a?updateMask=status  
 {"status":"FINALIZED"}
[debug] [2021-06-15T11:18:21.338Z] <<< HTTP RESPONSE 200 {"content-type":"application/json; charset=UTF-8","vary":"X-Origin, Referer, Origin,Accept-Encoding","date":"Tue, 15 Jun 2021 11:18:22 GMT","server":"ESF","cache-control":"private","x-xss-protection":"0","x-frame-options":"SAMEORIGIN","x-content-type-options":"nosniff","alt-svc":"h3=\":443\"; ma=2592000,h3-29=\":443\"; ma=2592000,h3-T051=\":443\"; ma=2592000,h3-Q050=\":443\"; ma=2592000,h3-Q046=\":443\"; ma=2592000,h3-Q043=\":443\"; ma=2592000,quic=\":443\"; ma=2592000; v=\"46,43\"","accept-ranges":"none","transfer-encoding":"chunked"}
[debug] [2021-06-15T11:18:21.339Z] [hosting] finalized version for tinder-7027c: {"name":"sites/tinder-7027c/versions/8c2bdaf87995665a","status":"FINALIZED","config":{"rewrites":[{"glob":"**","path":"/index.html"}]},"labels":{"deployment-tool":"cli-firebase"},"createTime":"2021-06-15T11:18:17.965032Z","createUser":{"email":"kalp2002prajapati@gmail.com"},"finalizeTime":"2021-06-15T11:18:22.147655Z","finalizeUser":{"email":"kalp2002prajapati@gmail.com"}}
[info] +  hosting[tinder-7027c]: version finalized 
[info] i  hosting[tinder-7027c]: releasing new version... 
[debug] [2021-06-15T11:18:21.341Z] >>> HTTP REQUEST POST https://firebasehosting.googleapis.com/v1beta1/sites/tinder-7027c/releases?version_name=sites/tinder-7027c/versions/8c2bdaf87995665a  
 {"message":null}
